[handleMsg]:  {
  key: {
    remoteJid: '5521976401218@s.whatsapp.net',
    fromMe: false,
    id: '3EB0C2D9DF9305883C31CB',
    participant: undefined
  },
  messageTimestamp: 1693477059,
  pushName: 'ClassicX STORE NOVO NOVO',
  broadcast: false,
  message: Message {
    extendedTextMessage: ExtendedTextMessage {
      text: 'welcome',
      contextInfo: [ContextInfo],
      inviteLinkGroupTypeV2: 0
    },
    messageContextInfo: MessageContextInfo {
      deviceListMetadata: [DeviceListMetadata],
      deviceListMetadataVersion: 2
    }
  },
  body: 'welcome',
  from: '5521976401218',
  type: 'text'
}
[handleMsg]:  {
  key: {
    remoteJid: '5521976401218@s.whatsapp.net',
    fromMe: false,
    id: '3EB024EEA01CB3DB93BCF1',
    participant: undefined
  },
  messageTimestamp: 1693477064,
  pushName: 'ClassicX STORE NOVO NOVO',
  broadcast: false,
  message: Message {
    extendedTextMessage: ExtendedTextMessage {
      text: 'wellcome',
      contextInfo: [ContextInfo],
      inviteLinkGroupTypeV2: 0
    },
    messageContextInfo: MessageContextInfo {
      deviceListMetadata: [DeviceListMetadata],
      deviceListMetadataVersion: 2
    }
  },
  body: 'wellcome',
  from: '5521976401218',
  type: 'text'
}
[sendQueue_A]:  {
  ref: 'ans_8dc785ed-b1e3-48e2-b243-77f99e6bda50',
  keyword: 'key_7f2ea069-279c-493f-9ce4-e34ec2355291',
  answer: '🙌 Salve, Seja Bem Vindo ao BOT <3',
  options: {
    media: null,
    buttons: [],
    capture: false,
    child: null,
    delay: 0,
    nested: [],
    keyword: {},
    callback: false
  },
  refSerialize: 'de79999ef50f7a1705c282b747321a64'
}
[sendProviderAndSave]:  {
  ref: 'ans_8dc785ed-b1e3-48e2-b243-77f99e6bda50',
  keyword: 'key_7f2ea069-279c-493f-9ce4-e34ec2355291',
  answer: '🙌 Salve, Seja Bem Vindo ao BOT <3',
  options: {
    media: null,
    buttons: [],
    capture: false,
    child: null,
    delay: 0,
    nested: [],
    keyword: {},
    callback: false
  },
  refSerialize: 'de79999ef50f7a1705c282b747321a64'
}
[providerClass.sendMessage]:  {
  ref: 'ans_8dc785ed-b1e3-48e2-b243-77f99e6bda50',
  keyword: 'key_7f2ea069-279c-493f-9ce4-e34ec2355291',
  answer: '🙌 Salve, Seja Bem Vindo ao BOT <3',
  options: {
    media: null,
    buttons: [],
    capture: false,
    child: null,
    delay: 0,
    nested: [],
    keyword: {},
    callback: false
  },
  refSerialize: 'de79999ef50f7a1705c282b747321a64'
}
[databaseClass.save]:  {
  ref: 'ans_8dc785ed-b1e3-48e2-b243-77f99e6bda50',
  keyword: 'key_7f2ea069-279c-493f-9ce4-e34ec2355291',
  answer: '🙌 Salve, Seja Bem Vindo ao BOT <3',
  options: {
    media: null,
    buttons: [],
    capture: false,
    child: null,
    delay: 0,
    nested: [],
    keyword: {},
    callback: false
  },
  refSerialize: 'de79999ef50f7a1705c282b747321a64'
}
[QUEUE_SE_ENVIO]:  {
  ref: 'ans_8dc785ed-b1e3-48e2-b243-77f99e6bda50',
  keyword: 'key_7f2ea069-279c-493f-9ce4-e34ec2355291',
  answer: '🙌 Salve, Seja Bem Vindo ao BOT <3',
  options: {
    media: null,
    buttons: [],
    capture: false,
    child: null,
    delay: 0,
    nested: [],
    keyword: {},
    callback: false
  },
  refSerialize: 'de79999ef50f7a1705c282b747321a64'
}
[sendQueue_A]:  {
  ref: 'ans_2161d7da-1f77-4b80-a1d9-ccb1f20d2990',
  keyword: 'ans_8dc785ed-b1e3-48e2-b243-77f99e6bda50',
  answer: '📄 *MENU PRINCIPAL*',
  options: {
    media: null,
    buttons: [ [Object], [Object], [Object], [Object] ],
    capture: true,
    child: null,
    delay: 0,
    nested: [
      [Object], [Object],
      [Object], [Object],
      [Object], [Object],
      [Object], [Object],
      [Object]
    ],
    keyword: {},
    callback: true
  },
  refSerialize: '00afd6c8988f6fcea1f96773ccd4d41d'
}
[sendProviderAndSave]:  {
  ref: 'ans_2161d7da-1f77-4b80-a1d9-ccb1f20d2990',
  keyword: 'ans_8dc785ed-b1e3-48e2-b243-77f99e6bda50',
  answer: '📄 *MENU PRINCIPAL*',
  options: {
    media: null,
    buttons: [ [Object], [Object], [Object], [Object] ],
    capture: true,
    child: null,
    delay: 0,
    nested: [
      [Object], [Object],
      [Object], [Object],
      [Object], [Object],
      [Object], [Object],
      [Object]
    ],
    keyword: {},
    callback: true
  },
  refSerialize: '00afd6c8988f6fcea1f96773ccd4d41d'
}
[providerClass.sendMessage]:  {
  ref: 'ans_2161d7da-1f77-4b80-a1d9-ccb1f20d2990',
  keyword: 'ans_8dc785ed-b1e3-48e2-b243-77f99e6bda50',
  answer: '📄 *MENU PRINCIPAL*',
  options: {
    media: null,
    buttons: [ [Object], [Object], [Object], [Object] ],
    capture: true,
    child: null,
    delay: 0,
    nested: [
      [Object], [Object],
      [Object], [Object],
      [Object], [Object],
      [Object], [Object],
      [Object]
    ],
    keyword: {},
    callback: true
  },
  refSerialize: '00afd6c8988f6fcea1f96773ccd4d41d'
}
[databaseClass.save]:  {
  ref: 'ans_2161d7da-1f77-4b80-a1d9-ccb1f20d2990',
  keyword: 'ans_8dc785ed-b1e3-48e2-b243-77f99e6bda50',
  answer: '📄 *MENU PRINCIPAL*',
  options: {
    media: null,
    buttons: [ [Object], [Object], [Object], [Object] ],
    capture: true,
    child: null,
    delay: 0,
    nested: [
      [Object], [Object],
      [Object], [Object],
      [Object], [Object],
      [Object], [Object],
      [Object]
    ],
    keyword: {},
    callback: true
  },
  refSerialize: '00afd6c8988f6fcea1f96773ccd4d41d'
}
[QUEUE_SE_ENVIO]:  {
  ref: 'ans_2161d7da-1f77-4b80-a1d9-ccb1f20d2990',
  keyword: 'ans_8dc785ed-b1e3-48e2-b243-77f99e6bda50',
  answer: '📄 *MENU PRINCIPAL*',
  options: {
    media: null,
    buttons: [ [Object], [Object], [Object], [Object] ],
    capture: true,
    child: null,
    delay: 0,
    nested: [
      [Object], [Object],
      [Object], [Object],
      [Object], [Object],
      [Object], [Object],
      [Object]
    ],
    keyword: {},
    callback: true
  },
  refSerialize: '00afd6c8988f6fcea1f96773ccd4d41d'
}
